  GameManager.cpp
C:\Program Files (x86)\Windows Kits\10\Include\10.0.22621.0\shared\ws2def.h(103,1): warning C4005: 'AF_IPX' : redéfinition de macro
  (compiler le fichier source 'GameManager.cpp')
  C:\Program Files (x86)\Windows Kits\10\Include\10.0.22621.0\um\winsock.h(457,1):
  voir la définition précédente de 'AF_IPX'
  
C:\Program Files (x86)\Windows Kits\10\Include\10.0.22621.0\shared\ws2def.h(147,1): warning C4005: 'AF_MAX' : redéfinition de macro
  (compiler le fichier source 'GameManager.cpp')
  C:\Program Files (x86)\Windows Kits\10\Include\10.0.22621.0\um\winsock.h(476,1):
  voir la définition précédente de 'AF_MAX'
  
C:\Program Files (x86)\Windows Kits\10\Include\10.0.22621.0\shared\ws2def.h(187,1): warning C4005: 'SO_DONTLINGER' : redéfinition de macro
  (compiler le fichier source 'GameManager.cpp')
  C:\Program Files (x86)\Windows Kits\10\Include\10.0.22621.0\um\winsock.h(399,1):
  voir la définition précédente de 'SO_DONTLINGER'
  
C:\Program Files (x86)\Windows Kits\10\Include\10.0.22621.0\shared\ws2def.h(240,25): error C2011: 'sockaddr' : redéfinition du type 'struct'
  (compiler le fichier source 'GameManager.cpp')
  C:\Program Files (x86)\Windows Kits\10\Include\10.0.22621.0\um\winsock.h(482,8):
  voir la déclaration de 'sockaddr'
  
C:\Program Files (x86)\Windows Kits\10\Include\10.0.22621.0\shared\ws2def.h(442,5): error C2143: erreur de syntaxe : absence de '}' avant 'constante'
  (compiler le fichier source 'GameManager.cpp')
  
C:\Program Files (x86)\Windows Kits\10\Include\10.0.22621.0\shared\ws2def.h(442,5): error C2059: erreur de syntaxe : 'constante'
  (compiler le fichier source 'GameManager.cpp')
  
C:\Program Files (x86)\Windows Kits\10\Include\10.0.22621.0\shared\ws2def.h(496,1): error C2143: erreur de syntaxe : absence de ';' avant '}'
  (compiler le fichier source 'GameManager.cpp')
  
C:\Program Files (x86)\Windows Kits\10\Include\10.0.22621.0\shared\ws2def.h(496,10): error C4430: spécificateur de type manquant - int est pris en compte par défaut. Remarque : C++ ne prend pas en charge int par défaut
  (compiler le fichier source 'GameManager.cpp')
  
C:\Program Files (x86)\Windows Kits\10\Include\10.0.22621.0\shared\ws2def.h(496,20): error C4430: spécificateur de type manquant - int est pris en compte par défaut. Remarque : C++ ne prend pas en charge int par défaut
  (compiler le fichier source 'GameManager.cpp')
  
C:\Program Files (x86)\Windows Kits\10\Include\10.0.22621.0\shared\ws2def.h(577,1): warning C4005: 'IN_CLASSA' : redéfinition de macro
  (compiler le fichier source 'GameManager.cpp')
  C:\Program Files (x86)\Windows Kits\10\Include\10.0.22621.0\um\winsock.h(284,1):
  voir la définition précédente de 'IN_CLASSA'
  
C:\Program Files (x86)\Windows Kits\10\Include\10.0.22621.0\shared\ws2def.h(583,1): warning C4005: 'IN_CLASSB' : redéfinition de macro
  (compiler le fichier source 'GameManager.cpp')
  C:\Program Files (x86)\Windows Kits\10\Include\10.0.22621.0\um\winsock.h(290,1):
  voir la définition précédente de 'IN_CLASSB'
  
C:\Program Files (x86)\Windows Kits\10\Include\10.0.22621.0\shared\ws2def.h(589,1): warning C4005: 'IN_CLASSC' : redéfinition de macro
  (compiler le fichier source 'GameManager.cpp')
  C:\Program Files (x86)\Windows Kits\10\Include\10.0.22621.0\um\winsock.h(296,1):
  voir la définition précédente de 'IN_CLASSC'
  
C:\Program Files (x86)\Windows Kits\10\Include\10.0.22621.0\shared\ws2def.h(600,1): warning C4005: 'INADDR_ANY' : redéfinition de macro
  (compiler le fichier source 'GameManager.cpp')
  C:\Program Files (x86)\Windows Kits\10\Include\10.0.22621.0\um\winsock.h(301,1):
  voir la définition précédente de 'INADDR_ANY'
  
C:\Program Files (x86)\Windows Kits\10\Include\10.0.22621.0\shared\ws2def.h(602,1): warning C4005: 'INADDR_BROADCAST' : redéfinition de macro
  (compiler le fichier source 'GameManager.cpp')
  C:\Program Files (x86)\Windows Kits\10\Include\10.0.22621.0\um\winsock.h(303,1):
  voir la définition précédente de 'INADDR_BROADCAST'
  
C:\Program Files (x86)\Windows Kits\10\Include\10.0.22621.0\shared\ws2def.h(638,28): error C2011: 'sockaddr_in' : redéfinition du type 'struct'
  (compiler le fichier source 'GameManager.cpp')
  C:\Program Files (x86)\Windows Kits\10\Include\10.0.22621.0\um\winsock.h(309,8):
  voir la déclaration de 'sockaddr_in'
  
C:\Program Files (x86)\Windows Kits\10\Include\10.0.22621.0\um\winsock2.h(136,23): error C2011: 'fd_set' : redéfinition du type 'struct'
  (compiler le fichier source 'GameManager.cpp')
  C:\Program Files (x86)\Windows Kits\10\Include\10.0.22621.0\um\winsock.h(65,16):
  voir la déclaration de 'fd_set'
  
C:\Program Files (x86)\Windows Kits\10\Include\10.0.22621.0\um\winsock2.h(171,1): warning C4005: 'FD_SET' : redéfinition de macro
  (compiler le fichier source 'GameManager.cpp')
  C:\Program Files (x86)\Windows Kits\10\Include\10.0.22621.0\um\winsock.h(99,1):
  voir la définition précédente de 'FD_SET'
  
C:\Program Files (x86)\Windows Kits\10\Include\10.0.22621.0\um\winsock2.h(180,16): error C2011: 'timeval' : redéfinition du type 'struct'
  (compiler le fichier source 'GameManager.cpp')
  C:\Program Files (x86)\Windows Kits\10\Include\10.0.22621.0\um\winsock.h(108,8):
  voir la déclaration de 'timeval'
  
C:\Program Files (x86)\Windows Kits\10\Include\10.0.22621.0\um\winsock2.h(236,17): error C2011: 'hostent' : redéfinition du type 'struct'
  (compiler le fichier source 'GameManager.cpp')
  C:\Program Files (x86)\Windows Kits\10\Include\10.0.22621.0\um\winsock.h(164,9):
  voir la déclaration de 'hostent'
  
C:\Program Files (x86)\Windows Kits\10\Include\10.0.22621.0\um\winsock2.h(249,16): error C2011: 'netent' : redéfinition du type 'struct'
  (compiler le fichier source 'GameManager.cpp')
  C:\Program Files (x86)\Windows Kits\10\Include\10.0.22621.0\um\winsock.h(177,9):
  voir la déclaration de 'netent'
  
C:\Program Files (x86)\Windows Kits\10\Include\10.0.22621.0\um\winsock2.h(256,17): error C2011: 'servent' : redéfinition du type 'struct'
  (compiler le fichier source 'GameManager.cpp')
  C:\Program Files (x86)\Windows Kits\10\Include\10.0.22621.0\um\winsock.h(184,9):
  voir la déclaration de 'servent'
  
C:\Program Files (x86)\Windows Kits\10\Include\10.0.22621.0\um\winsock2.h(268,18): error C2011: 'protoent' : redéfinition du type 'struct'
  (compiler le fichier source 'GameManager.cpp')
  C:\Program Files (x86)\Windows Kits\10\Include\10.0.22621.0\um\winsock.h(196,9):
  voir la déclaration de 'protoent'
  
C:\Program Files (x86)\Windows Kits\10\Include\10.0.22621.0\um\winsock2.h(364,24): error C2011: 'WSAData' : redéfinition du type 'struct'
  (compiler le fichier source 'GameManager.cpp')
  C:\Program Files (x86)\Windows Kits\10\Include\10.0.22621.0\um\winsock.h(319,16):
  voir la déclaration de 'WSAData'
  
C:\Program Files (x86)\Windows Kits\10\Include\10.0.22621.0\um\winsock2.h(462,18): error C2011: 'sockproto' : redéfinition du type 'struct'
  (compiler le fichier source 'GameManager.cpp')
  C:\Program Files (x86)\Windows Kits\10\Include\10.0.22621.0\um\winsock.h(491,8):
  voir la déclaration de 'sockproto'
  
C:\Program Files (x86)\Windows Kits\10\Include\10.0.22621.0\um\winsock2.h(504,16): error C2011: 'linger' : redéfinition du type 'struct'
  (compiler le fichier source 'GameManager.cpp')
  C:\Program Files (x86)\Windows Kits\10\Include\10.0.22621.0\um\winsock.h(528,9):
  voir la déclaration de 'linger'
  
C:\Program Files (x86)\Windows Kits\10\Include\10.0.22621.0\um\winsock2.h(517,1): warning C4005: 'SOMAXCONN' : redéfinition de macro
  (compiler le fichier source 'GameManager.cpp')
  C:\Program Files (x86)\Windows Kits\10\Include\10.0.22621.0\um\winsock.h(541,1):
  voir la définition précédente de 'SOMAXCONN'
  
C:\Program Files (x86)\Windows Kits\10\Include\10.0.22621.0\um\winsock2.h(551,1): warning C4005: 'FD_READ' : redéfinition de macro
  (compiler le fichier source 'GameManager.cpp')
  C:\Program Files (x86)\Windows Kits\10\Include\10.0.22621.0\um\winsock.h(559,1):
  voir la définition précédente de 'FD_READ'
  
C:\Program Files (x86)\Windows Kits\10\Include\10.0.22621.0\um\winsock2.h(554,1): warning C4005: 'FD_WRITE' : redéfinition de macro
  (compiler le fichier source 'GameManager.cpp')
  C:\Program Files (x86)\Windows Kits\10\Include\10.0.22621.0\um\winsock.h(560,1):
  voir la définition précédente de 'FD_WRITE'
  
C:\Program Files (x86)\Windows Kits\10\Include\10.0.22621.0\um\winsock2.h(557,1): warning C4005: 'FD_OOB' : redéfinition de macro
  (compiler le fichier source 'GameManager.cpp')
  C:\Program Files (x86)\Windows Kits\10\Include\10.0.22621.0\um\winsock.h(561,1):
  voir la définition précédente de 'FD_OOB'
  
C:\Program Files (x86)\Windows Kits\10\Include\10.0.22621.0\um\winsock2.h(560,1): warning C4005: 'FD_ACCEPT' : redéfinition de macro
  (compiler le fichier source 'GameManager.cpp')
  C:\Program Files (x86)\Windows Kits\10\Include\10.0.22621.0\um\winsock.h(562,1):
  voir la définition précédente de 'FD_ACCEPT'
  
C:\Program Files (x86)\Windows Kits\10\Include\10.0.22621.0\um\winsock2.h(563,1): warning C4005: 'FD_CONNECT' : redéfinition de macro
  (compiler le fichier source 'GameManager.cpp')
  C:\Program Files (x86)\Windows Kits\10\Include\10.0.22621.0\um\winsock.h(563,1):
  voir la définition précédente de 'FD_CONNECT'
  
C:\Program Files (x86)\Windows Kits\10\Include\10.0.22621.0\um\winsock2.h(566,1): warning C4005: 'FD_CLOSE' : redéfinition de macro
  (compiler le fichier source 'GameManager.cpp')
  C:\Program Files (x86)\Windows Kits\10\Include\10.0.22621.0\um\winsock.h(564,1):
  voir la définition précédente de 'FD_CLOSE'
  
C:\Program Files (x86)\Windows Kits\10\Include\10.0.22621.0\um\winsock2.h(1631,1): error C2375: 'accept' : redéfinition ; liaison différente
  (compiler le fichier source 'GameManager.cpp')
  C:\Program Files (x86)\Windows Kits\10\Include\10.0.22621.0\um\winsock.h(739,19):
  voir la déclaration de 'accept'
  
C:\Program Files (x86)\Windows Kits\10\Include\10.0.22621.0\um\winsock2.h(1653,1): error C2375: 'bind' : redéfinition ; liaison différente
  (compiler le fichier source 'GameManager.cpp')
  C:\Program Files (x86)\Windows Kits\10\Include\10.0.22621.0\um\winsock.h(744,16):
  voir la déclaration de 'bind'
  
C:\Program Files (x86)\Windows Kits\10\Include\10.0.22621.0\um\winsock2.h(1674,1): error C2375: 'closesocket' : redéfinition ; liaison différente
  (compiler le fichier source 'GameManager.cpp')
  C:\Program Files (x86)\Windows Kits\10\Include\10.0.22621.0\um\winsock.h(749,16):
  voir la déclaration de 'closesocket'
  
C:\Program Files (x86)\Windows Kits\10\Include\10.0.22621.0\um\winsock2.h(1691,1): error C2375: 'connect' : redéfinition ; liaison différente
  (compiler le fichier source 'GameManager.cpp')
  C:\Program Files (x86)\Windows Kits\10\Include\10.0.22621.0\um\winsock.h(751,16):
  voir la déclaration de 'connect'
  
C:\Program Files (x86)\Windows Kits\10\Include\10.0.22621.0\um\winsock2.h(1712,1): error C2375: 'ioctlsocket' : redéfinition ; liaison différente
  (compiler le fichier source 'GameManager.cpp')
  C:\Program Files (x86)\Windows Kits\10\Include\10.0.22621.0\um\winsock.h(756,16):
  voir la déclaration de 'ioctlsocket'
  
C:\Program Files (x86)\Windows Kits\10\Include\10.0.22621.0\um\winsock2.h(1735,1): error C2375: 'getpeername' : redéfinition ; liaison différente
  (compiler le fichier source 'GameManager.cpp')
  C:\Program Files (x86)\Windows Kits\10\Include\10.0.22621.0\um\winsock.h(761,16):
  voir la déclaration de 'getpeername'
  
C:\Program Files (x86)\Windows Kits\10\Include\10.0.22621.0\um\winsock2.h(1756,1): error C2375: 'getsockname' : redéfinition ; liaison différente
  (compiler le fichier source 'GameManager.cpp')
  C:\Program Files (x86)\Windows Kits\10\Include\10.0.22621.0\um\winsock.h(766,16):
  voir la déclaration de 'getsockname'
  
C:\Program Files (x86)\Windows Kits\10\Include\10.0.22621.0\um\winsock2.h(1777,1): error C2375: 'getsockopt' : redéfinition ; liaison différente
  (compiler le fichier source 'GameManager.cpp')
  C:\Program Files (x86)\Windows Kits\10\Include\10.0.22621.0\um\winsock.h(771,16):
  voir la déclaration de 'getsockopt'
  
C:\Program Files (x86)\Windows Kits\10\Include\10.0.22621.0\um\winsock2.h(1802,1): error C2375: 'htonl' : redéfinition ; liaison différente
  (compiler le fichier source 'GameManager.cpp')
  C:\Program Files (x86)\Windows Kits\10\Include\10.0.22621.0\um\winsock.h(778,19):
  voir la déclaration de 'htonl'
  
C:\Program Files (x86)\Windows Kits\10\Include\10.0.22621.0\um\winsock2.h(1819,1): error C2375: 'htons' : redéfinition ; liaison différente
  (compiler le fichier source 'GameManager.cpp')
  C:\Program Files (x86)\Windows Kits\10\Include\10.0.22621.0\um\winsock.h(780,20):
  voir la déclaration de 'htons'
  
C:\Program Files (x86)\Windows Kits\10\Include\10.0.22621.0\um\winsock2.h(1837,1): error C2375: 'inet_addr' : redéfinition ; liaison différente
  (compiler le fichier source 'GameManager.cpp')
  C:\Program Files (x86)\Windows Kits\10\Include\10.0.22621.0\um\winsock.h(782,26):
  voir la déclaration de 'inet_addr'
  
C:\Program Files (x86)\Windows Kits\10\Include\10.0.22621.0\um\winsock2.h(1855,1): error C2375: 'inet_ntoa' : redéfinition ; liaison différente
  (compiler le fichier source 'GameManager.cpp')
  C:\Program Files (x86)\Windows Kits\10\Include\10.0.22621.0\um\winsock.h(784,23):
  voir la déclaration de 'inet_ntoa'
  
C:\Program Files (x86)\Windows Kits\10\Include\10.0.22621.0\um\winsock2.h(1955,1): error C2375: 'listen' : redéfinition ; liaison différente
  (compiler le fichier source 'GameManager.cpp')
  C:\Program Files (x86)\Windows Kits\10\Include\10.0.22621.0\um\winsock.h(786,16):
  voir la déclaration de 'listen'
  
C:\Program Files (x86)\Windows Kits\10\Include\10.0.22621.0\um\winsock2.h(1974,1): error C2375: 'ntohl' : redéfinition ; liaison différente
  (compiler le fichier source 'GameManager.cpp')
  C:\Program Files (x86)\Windows Kits\10\Include\10.0.22621.0\um\winsock.h(790,19):
  voir la déclaration de 'ntohl'
  
C:\Program Files (x86)\Windows Kits\10\Include\10.0.22621.0\um\winsock2.h(1991,1): error C2375: 'ntohs' : redéfinition ; liaison différente
  (compiler le fichier source 'GameManager.cpp')
  C:\Program Files (x86)\Windows Kits\10\Include\10.0.22621.0\um\winsock.h(792,20):
  voir la déclaration de 'ntohs'
  
C:\Program Files (x86)\Windows Kits\10\Include\10.0.22621.0\um\winsock2.h(2008,1): error C2375: 'recv' : redéfinition ; liaison différente
  (compiler le fichier source 'GameManager.cpp')
  C:\Program Files (x86)\Windows Kits\10\Include\10.0.22621.0\um\winsock.h(794,16):
  voir la déclaration de 'recv'
  
C:\Program Files (x86)\Windows Kits\10\Include\10.0.22621.0\um\winsock2.h(2031,1): error C2375: 'recvfrom' : redéfinition ; liaison différente
  (compiler le fichier source 'GameManager.cpp')
  C:\Program Files (x86)\Windows Kits\10\Include\10.0.22621.0\um\winsock.h(800,16):
  voir la déclaration de 'recvfrom'
  
C:\Program Files (x86)\Windows Kits\10\Include\10.0.22621.0\um\winsock2.h(2058,1): error C2375: 'select' : redéfinition ; liaison différente
  (compiler le fichier source 'GameManager.cpp')
  C:\Program Files (x86)\Windows Kits\10\Include\10.0.22621.0\um\winsock.h(808,16):
  voir la déclaration de 'select'
  
C:\Program Files (x86)\Windows Kits\10\Include\10.0.22621.0\um\winsock2.h(2083,1): error C2375: 'send' : redéfinition ; liaison différente
  (compiler le fichier source 'GameManager.cpp')
  C:\Program Files (x86)\Windows Kits\10\Include\10.0.22621.0\um\winsock.h(815,16):
  voir la déclaration de 'send'
  
C:\Program Files (x86)\Windows Kits\10\Include\10.0.22621.0\um\winsock2.h(2106,1): error C2375: 'sendto' : redéfinition ; liaison différente
  (compiler le fichier source 'GameManager.cpp')
  C:\Program Files (x86)\Windows Kits\10\Include\10.0.22621.0\um\winsock.h(821,16):
  voir la déclaration de 'sendto'
  
C:\Program Files (x86)\Windows Kits\10\Include\10.0.22621.0\um\winsock2.h(2133,1): error C2375: 'setsockopt' : redéfinition ; liaison différente
  (compiler le fichier source 'GameManager.cpp')
  C:\Program Files (x86)\Windows Kits\10\Include\10.0.22621.0\um\winsock.h(829,16):
  voir la déclaration de 'setsockopt'
  
C:\Program Files (x86)\Windows Kits\10\Include\10.0.22621.0\um\winsock2.h(2158,1): error C2375: 'shutdown' : redéfinition ; liaison différente
  (compiler le fichier source 'GameManager.cpp')
  C:\Program Files (x86)\Windows Kits\10\Include\10.0.22621.0\um\winsock.h(836,16):
  voir la déclaration de 'shutdown'
  
C:\Program Files (x86)\Windows Kits\10\Include\10.0.22621.0\um\winsock2.h(2178,1): error C2375: 'socket' : redéfinition ; liaison différente
  (compiler le fichier source 'GameManager.cpp')
  C:\Program Files (x86)\Windows Kits\10\Include\10.0.22621.0\um\winsock.h(840,19):
  voir la déclaration de 'socket'
  
C:\Program Files (x86)\Windows Kits\10\Include\10.0.22621.0\um\winsock2.h(2203,1): error C2375: 'gethostbyaddr' : redéfinition ; liaison différente
  (compiler le fichier source 'GameManager.cpp')
  C:\Program Files (x86)\Windows Kits\10\Include\10.0.22621.0\um\winsock.h(847,33):
  voir la déclaration de 'gethostbyaddr'
  
C:\Program Files (x86)\Windows Kits\10\Include\10.0.22621.0\um\winsock2.h(2225,1): error C2375: 'gethostbyname' : redéfinition ; liaison différente
  (compiler le fichier source 'GameManager.cpp')
  C:\Program Files (x86)\Windows Kits\10\Include\10.0.22621.0\um\winsock.h(852,33):
  voir la déclaration de 'gethostbyname'
  
C:\Program Files (x86)\Windows Kits\10\Include\10.0.22621.0\um\winsock2.h(2242,1): error C2375: 'gethostname' : redéfinition ; liaison différente
  (compiler le fichier source 'GameManager.cpp')
  C:\Program Files (x86)\Windows Kits\10\Include\10.0.22621.0\um\winsock.h(854,16):
  voir la déclaration de 'gethostname'
  
C:\Program Files (x86)\Windows Kits\10\Include\10.0.22621.0\um\winsock2.h(2282,1): error C2375: 'getservbyport' : redéfinition ; liaison différente
  (compiler le fichier source 'GameManager.cpp')
  C:\Program Files (x86)\Windows Kits\10\Include\10.0.22621.0\um\winsock.h(858,33):
  voir la déclaration de 'getservbyport'
  
C:\Program Files (x86)\Windows Kits\10\Include\10.0.22621.0\um\winsock2.h(2301,1): error C2375: 'getservbyname' : redéfinition ; liaison différente
  (compiler le fichier source 'GameManager.cpp')
  C:\Program Files (x86)\Windows Kits\10\Include\10.0.22621.0\um\winsock.h(862,33):
  voir la déclaration de 'getservbyname'
  
C:\Program Files (x86)\Windows Kits\10\Include\10.0.22621.0\um\winsock2.h(2320,1): error C2375: 'getprotobynumber' : redéfinition ; liaison différente
  (compiler le fichier source 'GameManager.cpp')
  C:\Program Files (x86)\Windows Kits\10\Include\10.0.22621.0\um\winsock.h(866,34):
  voir la déclaration de 'getprotobynumber'
  
C:\Program Files (x86)\Windows Kits\10\Include\10.0.22621.0\um\winsock2.h(2337,1): error C2375: 'getprotobyname' : redéfinition ; liaison différente
  (compiler le fichier source 'GameManager.cpp')
  C:\Program Files (x86)\Windows Kits\10\Include\10.0.22621.0\um\winsock.h(868,34):
  voir la déclaration de 'getprotobyname'
  
C:\Program Files (x86)\Windows Kits\10\Include\10.0.22621.0\um\winsock2.h(2357,1): error C2375: 'WSAStartup' : redéfinition ; liaison différente
  (compiler le fichier source 'GameManager.cpp')
  C:\Program Files (x86)\Windows Kits\10\Include\10.0.22621.0\um\winsock.h(872,16):
  voir la déclaration de 'WSAStartup'
  
C:\Program Files (x86)\Windows Kits\10\Include\10.0.22621.0\um\winsock2.h(2377,1): error C2375: 'WSACleanup' : redéfinition ; liaison différente
  (compiler le fichier source 'GameManager.cpp')
  C:\Program Files (x86)\Windows Kits\10\Include\10.0.22621.0\um\winsock.h(876,16):
  voir la déclaration de 'WSACleanup'
  
C:\Program Files (x86)\Windows Kits\10\Include\10.0.22621.0\um\winsock2.h(2394,1): error C2375: 'WSASetLastError' : redéfinition ; liaison différente
  (compiler le fichier source 'GameManager.cpp')
  C:\Program Files (x86)\Windows Kits\10\Include\10.0.22621.0\um\winsock.h(878,17):
  voir la déclaration de 'WSASetLastError'
  
C:\Program Files (x86)\Windows Kits\10\Include\10.0.22621.0\um\winsock2.h(2411,1): error C2375: 'WSAGetLastError' : redéfinition ; liaison différente
  (compiler le fichier source 'GameManager.cpp')
  C:\Program Files (x86)\Windows Kits\10\Include\10.0.22621.0\um\winsock.h(880,16):
  voir la déclaration de 'WSAGetLastError'
  
C:\Program Files (x86)\Windows Kits\10\Include\10.0.22621.0\um\winsock2.h(2432,1): error C2375: 'WSAIsBlocking' : redéfinition ; liaison différente
  (compiler le fichier source 'GameManager.cpp')
  C:\Program Files (x86)\Windows Kits\10\Include\10.0.22621.0\um\winsock.h(882,17):
  voir la déclaration de 'WSAIsBlocking'
  
C:\Program Files (x86)\Windows Kits\10\Include\10.0.22621.0\um\winsock2.h(2450,1): error C2375: 'WSAUnhookBlockingHook' : redéfinition ; liaison différente
  (compiler le fichier source 'GameManager.cpp')
  C:\Program Files (x86)\Windows Kits\10\Include\10.0.22621.0\um\winsock.h(884,16):
  voir la déclaration de 'WSAUnhookBlockingHook'
  
C:\Program Files (x86)\Windows Kits\10\Include\10.0.22621.0\um\winsock2.h(2468,1): error C2375: 'WSASetBlockingHook' : redéfinition ; liaison différente
  (compiler le fichier source 'GameManager.cpp')
  C:\Program Files (x86)\Windows Kits\10\Include\10.0.22621.0\um\winsock.h(886,20):
  voir la déclaration de 'WSASetBlockingHook'
  
C:\Program Files (x86)\Windows Kits\10\Include\10.0.22621.0\um\winsock2.h(2486,1): error C2375: 'WSACancelBlockingCall' : redéfinition ; liaison différente
  (compiler le fichier source 'GameManager.cpp')
  C:\Program Files (x86)\Windows Kits\10\Include\10.0.22621.0\um\winsock.h(888,16):
  voir la déclaration de 'WSACancelBlockingCall'
  
C:\Program Files (x86)\Windows Kits\10\Include\10.0.22621.0\um\winsock2.h(2504,1): error C2375: 'WSAAsyncGetServByName' : redéfinition ; liaison différente
  (compiler le fichier source 'GameManager.cpp')
  C:\Program Files (x86)\Windows Kits\10\Include\10.0.22621.0\um\winsock.h(890,19):
  voir la déclaration de 'WSAAsyncGetServByName'
  
C:\Program Files (x86)\Windows Kits\10\Include\10.0.22621.0\um\winsock2.h(2532,1): error C2375: 'WSAAsyncGetServByPort' : redéfinition ; liaison différente
  (compiler le fichier source 'GameManager.cpp')
  C:\Program Files (x86)\Windows Kits\10\Include\10.0.22621.0\um\winsock.h(898,19):
  voir la déclaration de 'WSAAsyncGetServByPort'
  
C:\Program Files (x86)\Windows Kits\10\Include\10.0.22621.0\um\winsock2.h(2560,1): error C2375: 'WSAAsyncGetProtoByName' : redéfinition ; liaison différente
  (compiler le fichier source 'GameManager.cpp')
  C:\Program Files (x86)\Windows Kits\10\Include\10.0.22621.0\um\winsock.h(906,19):
  voir la déclaration de 'WSAAsyncGetProtoByName'
  
C:\Program Files (x86)\Windows Kits\10\Include\10.0.22621.0\um\winsock2.h(2586,1): error C2375: 'WSAAsyncGetProtoByNumber' : redéfinition ; liaison différente
  (compiler le fichier source 'GameManager.cpp')
  C:\Program Files (x86)\Windows Kits\10\Include\10.0.22621.0\um\winsock.h(913,19):
  voir la déclaration de 'WSAAsyncGetProtoByNumber'
  
C:\Program Files (x86)\Windows Kits\10\Include\10.0.22621.0\um\winsock2.h(2612,1): error C2375: 'WSAAsyncGetHostByName' : redéfinition ; liaison différente
  (compiler le fichier source 'GameManager.cpp')
  C:\Program Files (x86)\Windows Kits\10\Include\10.0.22621.0\um\winsock.h(920,19):
  voir la déclaration de 'WSAAsyncGetHostByName'
  
C:\Program Files (x86)\Windows Kits\10\Include\10.0.22621.0\um\winsock2.h(2638,1): error C2375: 'WSAAsyncGetHostByAddr' : redéfinition ; liaison différente
  (compiler le fichier source 'GameManager.cpp')
  C:\Program Files (x86)\Windows Kits\10\Include\10.0.22621.0\um\winsock.h(927,19):
  voir la déclaration de 'WSAAsyncGetHostByAddr'
  
C:\Program Files (x86)\Windows Kits\10\Include\10.0.22621.0\um\winsock2.h(2668,1): error C2375: 'WSACancelAsyncRequest' : redéfinition ; liaison différente
  (compiler le fichier source 'GameManager.cpp')
  C:\Program Files (x86)\Windows Kits\10\Include\10.0.22621.0\um\winsock.h(936,16):
  voir la déclaration de 'WSACancelAsyncRequest'
  
C:\Program Files (x86)\Windows Kits\10\Include\10.0.22621.0\um\winsock2.h(2686,1): error C2375: 'WSAAsyncSelect' : redéfinition ; liaison différente
  (compiler le fichier source 'GameManager.cpp')
  C:\Program Files (x86)\Windows Kits\10\Include\10.0.22621.0\um\winsock.h(938,16):
  voir la déclaration de 'WSAAsyncSelect'
  
C:\Program Files (x86)\Windows Kits\10\Include\10.0.22621.0\um\winsock2.h(4318,1): error C2059: erreur de syntaxe : '}'
  (compiler le fichier source 'GameManager.cpp')
  
C:\Program Files (x86)\Windows Kits\10\Include\10.0.22621.0\um\winsock2.h(4318,1): error C2143: erreur de syntaxe : absence de ';' avant '}'
  (compiler le fichier source 'GameManager.cpp')
  
C:\Users\Kyllian\source\repos\Skynezzz\TicTacToeOnline\Morpion_prepa\WebDisplay.h(10,1): error C2143: erreur de syntaxe : absence de ';' avant '{'
  (compiler le fichier source 'GameManager.cpp')
  
C:\Users\Kyllian\source\repos\Skynezzz\TicTacToeOnline\Morpion_prepa\WebDisplay.h(10,1): error C2447: '{' : en-tête de fonction manquant (liste formelle à l'ancien format ?)
  (compiler le fichier source 'GameManager.cpp')
  
C:\Users\Kyllian\source\repos\Skynezzz\TicTacToeOnline\Morpion_prepa\ThreadWeb.h(14,9): error C2065: 'WebDisplay' : identificateur non déclaré
  (compiler le fichier source 'GameManager.cpp')
  
C:\Users\Kyllian\source\repos\Skynezzz\TicTacToeOnline\Morpion_prepa\ThreadWeb.h(14,20): error C2146: erreur de syntaxe : absence de ';' avant l'identificateur 'webDisplay'
  (compiler le fichier source 'GameManager.cpp')
  
C:\Users\Kyllian\source\repos\Skynezzz\TicTacToeOnline\Morpion_prepa\ThreadWeb.h(14,20): error C2065: 'webDisplay' : identificateur non déclaré
  (compiler le fichier source 'GameManager.cpp')
  
C:\Users\Kyllian\source\repos\Skynezzz\TicTacToeOnline\Morpion_prepa\ThreadWeb.h(15,9): error C2065: 'webDisplay' : identificateur non déclaré
  (compiler le fichier source 'GameManager.cpp')
  
C:\Users\Kyllian\source\repos\Skynezzz\TicTacToeOnline\Morpion_prepa\ThreadWeb.h(16,9): error C2065: 'webDisplay' : identificateur non déclaré
  (compiler le fichier source 'GameManager.cpp')
  
  Morpion_prepa.cpp
C:\Program Files (x86)\Windows Kits\10\Include\10.0.22621.0\shared\ws2def.h(103,1): warning C4005: 'AF_IPX' : redéfinition de macro
  (compiler le fichier source 'Morpion_prepa.cpp')
  C:\Program Files (x86)\Windows Kits\10\Include\10.0.22621.0\um\winsock.h(457,1):
  voir la définition précédente de 'AF_IPX'
  
C:\Program Files (x86)\Windows Kits\10\Include\10.0.22621.0\shared\ws2def.h(147,1): warning C4005: 'AF_MAX' : redéfinition de macro
  (compiler le fichier source 'Morpion_prepa.cpp')
  C:\Program Files (x86)\Windows Kits\10\Include\10.0.22621.0\um\winsock.h(476,1):
  voir la définition précédente de 'AF_MAX'
  
C:\Program Files (x86)\Windows Kits\10\Include\10.0.22621.0\shared\ws2def.h(187,1): warning C4005: 'SO_DONTLINGER' : redéfinition de macro
  (compiler le fichier source 'Morpion_prepa.cpp')
  C:\Program Files (x86)\Windows Kits\10\Include\10.0.22621.0\um\winsock.h(399,1):
  voir la définition précédente de 'SO_DONTLINGER'
  
C:\Program Files (x86)\Windows Kits\10\Include\10.0.22621.0\shared\ws2def.h(240,25): error C2011: 'sockaddr' : redéfinition du type 'struct'
  (compiler le fichier source 'Morpion_prepa.cpp')
  C:\Program Files (x86)\Windows Kits\10\Include\10.0.22621.0\um\winsock.h(482,8):
  voir la déclaration de 'sockaddr'
  
C:\Program Files (x86)\Windows Kits\10\Include\10.0.22621.0\shared\ws2def.h(442,5): error C2143: erreur de syntaxe : absence de '}' avant 'constante'
  (compiler le fichier source 'Morpion_prepa.cpp')
  
C:\Program Files (x86)\Windows Kits\10\Include\10.0.22621.0\shared\ws2def.h(442,5): error C2059: erreur de syntaxe : 'constante'
  (compiler le fichier source 'Morpion_prepa.cpp')
  
C:\Program Files (x86)\Windows Kits\10\Include\10.0.22621.0\shared\ws2def.h(496,1): error C2143: erreur de syntaxe : absence de ';' avant '}'
  (compiler le fichier source 'Morpion_prepa.cpp')
  
C:\Program Files (x86)\Windows Kits\10\Include\10.0.22621.0\shared\ws2def.h(496,10): error C4430: spécificateur de type manquant - int est pris en compte par défaut. Remarque : C++ ne prend pas en charge int par défaut
  (compiler le fichier source 'Morpion_prepa.cpp')
  
C:\Program Files (x86)\Windows Kits\10\Include\10.0.22621.0\shared\ws2def.h(496,20): error C4430: spécificateur de type manquant - int est pris en compte par défaut. Remarque : C++ ne prend pas en charge int par défaut
  (compiler le fichier source 'Morpion_prepa.cpp')
  
C:\Program Files (x86)\Windows Kits\10\Include\10.0.22621.0\shared\ws2def.h(577,1): warning C4005: 'IN_CLASSA' : redéfinition de macro
  (compiler le fichier source 'Morpion_prepa.cpp')
  C:\Program Files (x86)\Windows Kits\10\Include\10.0.22621.0\um\winsock.h(284,1):
  voir la définition précédente de 'IN_CLASSA'
  
C:\Program Files (x86)\Windows Kits\10\Include\10.0.22621.0\shared\ws2def.h(583,1): warning C4005: 'IN_CLASSB' : redéfinition de macro
  (compiler le fichier source 'Morpion_prepa.cpp')
  C:\Program Files (x86)\Windows Kits\10\Include\10.0.22621.0\um\winsock.h(290,1):
  voir la définition précédente de 'IN_CLASSB'
  
C:\Program Files (x86)\Windows Kits\10\Include\10.0.22621.0\shared\ws2def.h(589,1): warning C4005: 'IN_CLASSC' : redéfinition de macro
  (compiler le fichier source 'Morpion_prepa.cpp')
  C:\Program Files (x86)\Windows Kits\10\Include\10.0.22621.0\um\winsock.h(296,1):
  voir la définition précédente de 'IN_CLASSC'
  
C:\Program Files (x86)\Windows Kits\10\Include\10.0.22621.0\shared\ws2def.h(600,1): warning C4005: 'INADDR_ANY' : redéfinition de macro
  (compiler le fichier source 'Morpion_prepa.cpp')
  C:\Program Files (x86)\Windows Kits\10\Include\10.0.22621.0\um\winsock.h(301,1):
  voir la définition précédente de 'INADDR_ANY'
  
C:\Program Files (x86)\Windows Kits\10\Include\10.0.22621.0\shared\ws2def.h(602,1): warning C4005: 'INADDR_BROADCAST' : redéfinition de macro
  (compiler le fichier source 'Morpion_prepa.cpp')
  C:\Program Files (x86)\Windows Kits\10\Include\10.0.22621.0\um\winsock.h(303,1):
  voir la définition précédente de 'INADDR_BROADCAST'
  
C:\Program Files (x86)\Windows Kits\10\Include\10.0.22621.0\shared\ws2def.h(638,28): error C2011: 'sockaddr_in' : redéfinition du type 'struct'
  (compiler le fichier source 'Morpion_prepa.cpp')
  C:\Program Files (x86)\Windows Kits\10\Include\10.0.22621.0\um\winsock.h(309,8):
  voir la déclaration de 'sockaddr_in'
  
C:\Program Files (x86)\Windows Kits\10\Include\10.0.22621.0\um\winsock2.h(136,23): error C2011: 'fd_set' : redéfinition du type 'struct'
  (compiler le fichier source 'Morpion_prepa.cpp')
  C:\Program Files (x86)\Windows Kits\10\Include\10.0.22621.0\um\winsock.h(65,16):
  voir la déclaration de 'fd_set'
  
C:\Program Files (x86)\Windows Kits\10\Include\10.0.22621.0\um\winsock2.h(171,1): warning C4005: 'FD_SET' : redéfinition de macro
  (compiler le fichier source 'Morpion_prepa.cpp')
  C:\Program Files (x86)\Windows Kits\10\Include\10.0.22621.0\um\winsock.h(99,1):
  voir la définition précédente de 'FD_SET'
  
C:\Program Files (x86)\Windows Kits\10\Include\10.0.22621.0\um\winsock2.h(180,16): error C2011: 'timeval' : redéfinition du type 'struct'
  (compiler le fichier source 'Morpion_prepa.cpp')
  C:\Program Files (x86)\Windows Kits\10\Include\10.0.22621.0\um\winsock.h(108,8):
  voir la déclaration de 'timeval'
  
C:\Program Files (x86)\Windows Kits\10\Include\10.0.22621.0\um\winsock2.h(236,17): error C2011: 'hostent' : redéfinition du type 'struct'
  (compiler le fichier source 'Morpion_prepa.cpp')
  C:\Program Files (x86)\Windows Kits\10\Include\10.0.22621.0\um\winsock.h(164,9):
  voir la déclaration de 'hostent'
  
C:\Program Files (x86)\Windows Kits\10\Include\10.0.22621.0\um\winsock2.h(249,16): error C2011: 'netent' : redéfinition du type 'struct'
  (compiler le fichier source 'Morpion_prepa.cpp')
  C:\Program Files (x86)\Windows Kits\10\Include\10.0.22621.0\um\winsock.h(177,9):
  voir la déclaration de 'netent'
  
C:\Program Files (x86)\Windows Kits\10\Include\10.0.22621.0\um\winsock2.h(256,17): error C2011: 'servent' : redéfinition du type 'struct'
  (compiler le fichier source 'Morpion_prepa.cpp')
  C:\Program Files (x86)\Windows Kits\10\Include\10.0.22621.0\um\winsock.h(184,9):
  voir la déclaration de 'servent'
  
C:\Program Files (x86)\Windows Kits\10\Include\10.0.22621.0\um\winsock2.h(268,18): error C2011: 'protoent' : redéfinition du type 'struct'
  (compiler le fichier source 'Morpion_prepa.cpp')
  C:\Program Files (x86)\Windows Kits\10\Include\10.0.22621.0\um\winsock.h(196,9):
  voir la déclaration de 'protoent'
  
C:\Program Files (x86)\Windows Kits\10\Include\10.0.22621.0\um\winsock2.h(364,24): error C2011: 'WSAData' : redéfinition du type 'struct'
  (compiler le fichier source 'Morpion_prepa.cpp')
  C:\Program Files (x86)\Windows Kits\10\Include\10.0.22621.0\um\winsock.h(319,16):
  voir la déclaration de 'WSAData'
  
C:\Program Files (x86)\Windows Kits\10\Include\10.0.22621.0\um\winsock2.h(462,18): error C2011: 'sockproto' : redéfinition du type 'struct'
  (compiler le fichier source 'Morpion_prepa.cpp')
  C:\Program Files (x86)\Windows Kits\10\Include\10.0.22621.0\um\winsock.h(491,8):
  voir la déclaration de 'sockproto'
  
C:\Program Files (x86)\Windows Kits\10\Include\10.0.22621.0\um\winsock2.h(504,16): error C2011: 'linger' : redéfinition du type 'struct'
  (compiler le fichier source 'Morpion_prepa.cpp')
  C:\Program Files (x86)\Windows Kits\10\Include\10.0.22621.0\um\winsock.h(528,9):
  voir la déclaration de 'linger'
  
C:\Program Files (x86)\Windows Kits\10\Include\10.0.22621.0\um\winsock2.h(517,1): warning C4005: 'SOMAXCONN' : redéfinition de macro
  (compiler le fichier source 'Morpion_prepa.cpp')
  C:\Program Files (x86)\Windows Kits\10\Include\10.0.22621.0\um\winsock.h(541,1):
  voir la définition précédente de 'SOMAXCONN'
  
C:\Program Files (x86)\Windows Kits\10\Include\10.0.22621.0\um\winsock2.h(551,1): warning C4005: 'FD_READ' : redéfinition de macro
  (compiler le fichier source 'Morpion_prepa.cpp')
  C:\Program Files (x86)\Windows Kits\10\Include\10.0.22621.0\um\winsock.h(559,1):
  voir la définition précédente de 'FD_READ'
  
C:\Program Files (x86)\Windows Kits\10\Include\10.0.22621.0\um\winsock2.h(554,1): warning C4005: 'FD_WRITE' : redéfinition de macro
  (compiler le fichier source 'Morpion_prepa.cpp')
  C:\Program Files (x86)\Windows Kits\10\Include\10.0.22621.0\um\winsock.h(560,1):
  voir la définition précédente de 'FD_WRITE'
  
C:\Program Files (x86)\Windows Kits\10\Include\10.0.22621.0\um\winsock2.h(557,1): warning C4005: 'FD_OOB' : redéfinition de macro
  (compiler le fichier source 'Morpion_prepa.cpp')
  C:\Program Files (x86)\Windows Kits\10\Include\10.0.22621.0\um\winsock.h(561,1):
  voir la définition précédente de 'FD_OOB'
  
C:\Program Files (x86)\Windows Kits\10\Include\10.0.22621.0\um\winsock2.h(560,1): warning C4005: 'FD_ACCEPT' : redéfinition de macro
  (compiler le fichier source 'Morpion_prepa.cpp')
  C:\Program Files (x86)\Windows Kits\10\Include\10.0.22621.0\um\winsock.h(562,1):
  voir la définition précédente de 'FD_ACCEPT'
  
C:\Program Files (x86)\Windows Kits\10\Include\10.0.22621.0\um\winsock2.h(563,1): warning C4005: 'FD_CONNECT' : redéfinition de macro
  (compiler le fichier source 'Morpion_prepa.cpp')
  C:\Program Files (x86)\Windows Kits\10\Include\10.0.22621.0\um\winsock.h(563,1):
  voir la définition précédente de 'FD_CONNECT'
  
C:\Program Files (x86)\Windows Kits\10\Include\10.0.22621.0\um\winsock2.h(566,1): warning C4005: 'FD_CLOSE' : redéfinition de macro
  (compiler le fichier source 'Morpion_prepa.cpp')
  C:\Program Files (x86)\Windows Kits\10\Include\10.0.22621.0\um\winsock.h(564,1):
  voir la définition précédente de 'FD_CLOSE'
  
C:\Program Files (x86)\Windows Kits\10\Include\10.0.22621.0\um\winsock2.h(1631,1): error C2375: 'accept' : redéfinition ; liaison différente
  (compiler le fichier source 'Morpion_prepa.cpp')
  C:\Program Files (x86)\Windows Kits\10\Include\10.0.22621.0\um\winsock.h(739,19):
  voir la déclaration de 'accept'
  
C:\Program Files (x86)\Windows Kits\10\Include\10.0.22621.0\um\winsock2.h(1653,1): error C2375: 'bind' : redéfinition ; liaison différente
  (compiler le fichier source 'Morpion_prepa.cpp')
  C:\Program Files (x86)\Windows Kits\10\Include\10.0.22621.0\um\winsock.h(744,16):
  voir la déclaration de 'bind'
  
C:\Program Files (x86)\Windows Kits\10\Include\10.0.22621.0\um\winsock2.h(1674,1): error C2375: 'closesocket' : redéfinition ; liaison différente
  (compiler le fichier source 'Morpion_prepa.cpp')
  C:\Program Files (x86)\Windows Kits\10\Include\10.0.22621.0\um\winsock.h(749,16):
  voir la déclaration de 'closesocket'
  
C:\Program Files (x86)\Windows Kits\10\Include\10.0.22621.0\um\winsock2.h(1691,1): error C2375: 'connect' : redéfinition ; liaison différente
  (compiler le fichier source 'Morpion_prepa.cpp')
  C:\Program Files (x86)\Windows Kits\10\Include\10.0.22621.0\um\winsock.h(751,16):
  voir la déclaration de 'connect'
  
C:\Program Files (x86)\Windows Kits\10\Include\10.0.22621.0\um\winsock2.h(1712,1): error C2375: 'ioctlsocket' : redéfinition ; liaison différente
  (compiler le fichier source 'Morpion_prepa.cpp')
  C:\Program Files (x86)\Windows Kits\10\Include\10.0.22621.0\um\winsock.h(756,16):
  voir la déclaration de 'ioctlsocket'
  
C:\Program Files (x86)\Windows Kits\10\Include\10.0.22621.0\um\winsock2.h(1735,1): error C2375: 'getpeername' : redéfinition ; liaison différente
  (compiler le fichier source 'Morpion_prepa.cpp')
  C:\Program Files (x86)\Windows Kits\10\Include\10.0.22621.0\um\winsock.h(761,16):
  voir la déclaration de 'getpeername'
  
C:\Program Files (x86)\Windows Kits\10\Include\10.0.22621.0\um\winsock2.h(1756,1): error C2375: 'getsockname' : redéfinition ; liaison différente
  (compiler le fichier source 'Morpion_prepa.cpp')
  C:\Program Files (x86)\Windows Kits\10\Include\10.0.22621.0\um\winsock.h(766,16):
  voir la déclaration de 'getsockname'
  
C:\Program Files (x86)\Windows Kits\10\Include\10.0.22621.0\um\winsock2.h(1777,1): error C2375: 'getsockopt' : redéfinition ; liaison différente
  (compiler le fichier source 'Morpion_prepa.cpp')
  C:\Program Files (x86)\Windows Kits\10\Include\10.0.22621.0\um\winsock.h(771,16):
  voir la déclaration de 'getsockopt'
  
C:\Program Files (x86)\Windows Kits\10\Include\10.0.22621.0\um\winsock2.h(1802,1): error C2375: 'htonl' : redéfinition ; liaison différente
  (compiler le fichier source 'Morpion_prepa.cpp')
  C:\Program Files (x86)\Windows Kits\10\Include\10.0.22621.0\um\winsock.h(778,19):
  voir la déclaration de 'htonl'
  
C:\Program Files (x86)\Windows Kits\10\Include\10.0.22621.0\um\winsock2.h(1819,1): error C2375: 'htons' : redéfinition ; liaison différente
  (compiler le fichier source 'Morpion_prepa.cpp')
  C:\Program Files (x86)\Windows Kits\10\Include\10.0.22621.0\um\winsock.h(780,20):
  voir la déclaration de 'htons'
  
C:\Program Files (x86)\Windows Kits\10\Include\10.0.22621.0\um\winsock2.h(1837,1): error C2375: 'inet_addr' : redéfinition ; liaison différente
  (compiler le fichier source 'Morpion_prepa.cpp')
  C:\Program Files (x86)\Windows Kits\10\Include\10.0.22621.0\um\winsock.h(782,26):
  voir la déclaration de 'inet_addr'
  
C:\Program Files (x86)\Windows Kits\10\Include\10.0.22621.0\um\winsock2.h(1855,1): error C2375: 'inet_ntoa' : redéfinition ; liaison différente
  (compiler le fichier source 'Morpion_prepa.cpp')
  C:\Program Files (x86)\Windows Kits\10\Include\10.0.22621.0\um\winsock.h(784,23):
  voir la déclaration de 'inet_ntoa'
  
C:\Program Files (x86)\Windows Kits\10\Include\10.0.22621.0\um\winsock2.h(1955,1): error C2375: 'listen' : redéfinition ; liaison différente
  (compiler le fichier source 'Morpion_prepa.cpp')
  C:\Program Files (x86)\Windows Kits\10\Include\10.0.22621.0\um\winsock.h(786,16):
  voir la déclaration de 'listen'
  
C:\Program Files (x86)\Windows Kits\10\Include\10.0.22621.0\um\winsock2.h(1974,1): error C2375: 'ntohl' : redéfinition ; liaison différente
  (compiler le fichier source 'Morpion_prepa.cpp')
  C:\Program Files (x86)\Windows Kits\10\Include\10.0.22621.0\um\winsock.h(790,19):
  voir la déclaration de 'ntohl'
  
C:\Program Files (x86)\Windows Kits\10\Include\10.0.22621.0\um\winsock2.h(1991,1): error C2375: 'ntohs' : redéfinition ; liaison différente
  (compiler le fichier source 'Morpion_prepa.cpp')
  C:\Program Files (x86)\Windows Kits\10\Include\10.0.22621.0\um\winsock.h(792,20):
  voir la déclaration de 'ntohs'
  
C:\Program Files (x86)\Windows Kits\10\Include\10.0.22621.0\um\winsock2.h(2008,1): error C2375: 'recv' : redéfinition ; liaison différente
  (compiler le fichier source 'Morpion_prepa.cpp')
  C:\Program Files (x86)\Windows Kits\10\Include\10.0.22621.0\um\winsock.h(794,16):
  voir la déclaration de 'recv'
  
C:\Program Files (x86)\Windows Kits\10\Include\10.0.22621.0\um\winsock2.h(2031,1): error C2375: 'recvfrom' : redéfinition ; liaison différente
  (compiler le fichier source 'Morpion_prepa.cpp')
  C:\Program Files (x86)\Windows Kits\10\Include\10.0.22621.0\um\winsock.h(800,16):
  voir la déclaration de 'recvfrom'
  
C:\Program Files (x86)\Windows Kits\10\Include\10.0.22621.0\um\winsock2.h(2058,1): error C2375: 'select' : redéfinition ; liaison différente
  (compiler le fichier source 'Morpion_prepa.cpp')
  C:\Program Files (x86)\Windows Kits\10\Include\10.0.22621.0\um\winsock.h(808,16):
  voir la déclaration de 'select'
  
C:\Program Files (x86)\Windows Kits\10\Include\10.0.22621.0\um\winsock2.h(2083,1): error C2375: 'send' : redéfinition ; liaison différente
  (compiler le fichier source 'Morpion_prepa.cpp')
  C:\Program Files (x86)\Windows Kits\10\Include\10.0.22621.0\um\winsock.h(815,16):
  voir la déclaration de 'send'
  
C:\Program Files (x86)\Windows Kits\10\Include\10.0.22621.0\um\winsock2.h(2106,1): error C2375: 'sendto' : redéfinition ; liaison différente
  (compiler le fichier source 'Morpion_prepa.cpp')
  C:\Program Files (x86)\Windows Kits\10\Include\10.0.22621.0\um\winsock.h(821,16):
  voir la déclaration de 'sendto'
  
C:\Program Files (x86)\Windows Kits\10\Include\10.0.22621.0\um\winsock2.h(2133,1): error C2375: 'setsockopt' : redéfinition ; liaison différente
  (compiler le fichier source 'Morpion_prepa.cpp')
  C:\Program Files (x86)\Windows Kits\10\Include\10.0.22621.0\um\winsock.h(829,16):
  voir la déclaration de 'setsockopt'
  
C:\Program Files (x86)\Windows Kits\10\Include\10.0.22621.0\um\winsock2.h(2158,1): error C2375: 'shutdown' : redéfinition ; liaison différente
  (compiler le fichier source 'Morpion_prepa.cpp')
  C:\Program Files (x86)\Windows Kits\10\Include\10.0.22621.0\um\winsock.h(836,16):
  voir la déclaration de 'shutdown'
  
C:\Program Files (x86)\Windows Kits\10\Include\10.0.22621.0\um\winsock2.h(2178,1): error C2375: 'socket' : redéfinition ; liaison différente
  (compiler le fichier source 'Morpion_prepa.cpp')
  C:\Program Files (x86)\Windows Kits\10\Include\10.0.22621.0\um\winsock.h(840,19):
  voir la déclaration de 'socket'
  
C:\Program Files (x86)\Windows Kits\10\Include\10.0.22621.0\um\winsock2.h(2203,1): error C2375: 'gethostbyaddr' : redéfinition ; liaison différente
  (compiler le fichier source 'Morpion_prepa.cpp')
  C:\Program Files (x86)\Windows Kits\10\Include\10.0.22621.0\um\winsock.h(847,33):
  voir la déclaration de 'gethostbyaddr'
  
C:\Program Files (x86)\Windows Kits\10\Include\10.0.22621.0\um\winsock2.h(2225,1): error C2375: 'gethostbyname' : redéfinition ; liaison différente
  (compiler le fichier source 'Morpion_prepa.cpp')
  C:\Program Files (x86)\Windows Kits\10\Include\10.0.22621.0\um\winsock.h(852,33):
  voir la déclaration de 'gethostbyname'
  
C:\Program Files (x86)\Windows Kits\10\Include\10.0.22621.0\um\winsock2.h(2242,1): error C2375: 'gethostname' : redéfinition ; liaison différente
  (compiler le fichier source 'Morpion_prepa.cpp')
  C:\Program Files (x86)\Windows Kits\10\Include\10.0.22621.0\um\winsock.h(854,16):
  voir la déclaration de 'gethostname'
  
C:\Program Files (x86)\Windows Kits\10\Include\10.0.22621.0\um\winsock2.h(2282,1): error C2375: 'getservbyport' : redéfinition ; liaison différente
  (compiler le fichier source 'Morpion_prepa.cpp')
  C:\Program Files (x86)\Windows Kits\10\Include\10.0.22621.0\um\winsock.h(858,33):
  voir la déclaration de 'getservbyport'
  
C:\Program Files (x86)\Windows Kits\10\Include\10.0.22621.0\um\winsock2.h(2301,1): error C2375: 'getservbyname' : redéfinition ; liaison différente
  (compiler le fichier source 'Morpion_prepa.cpp')
  C:\Program Files (x86)\Windows Kits\10\Include\10.0.22621.0\um\winsock.h(862,33):
  voir la déclaration de 'getservbyname'
  
C:\Program Files (x86)\Windows Kits\10\Include\10.0.22621.0\um\winsock2.h(2320,1): error C2375: 'getprotobynumber' : redéfinition ; liaison différente
  (compiler le fichier source 'Morpion_prepa.cpp')
  C:\Program Files (x86)\Windows Kits\10\Include\10.0.22621.0\um\winsock.h(866,34):
  voir la déclaration de 'getprotobynumber'
  
C:\Program Files (x86)\Windows Kits\10\Include\10.0.22621.0\um\winsock2.h(2337,1): error C2375: 'getprotobyname' : redéfinition ; liaison différente
  (compiler le fichier source 'Morpion_prepa.cpp')
  C:\Program Files (x86)\Windows Kits\10\Include\10.0.22621.0\um\winsock.h(868,34):
  voir la déclaration de 'getprotobyname'
  
C:\Program Files (x86)\Windows Kits\10\Include\10.0.22621.0\um\winsock2.h(2357,1): error C2375: 'WSAStartup' : redéfinition ; liaison différente
  (compiler le fichier source 'Morpion_prepa.cpp')
  C:\Program Files (x86)\Windows Kits\10\Include\10.0.22621.0\um\winsock.h(872,16):
  voir la déclaration de 'WSAStartup'
  
C:\Program Files (x86)\Windows Kits\10\Include\10.0.22621.0\um\winsock2.h(2377,1): error C2375: 'WSACleanup' : redéfinition ; liaison différente
  (compiler le fichier source 'Morpion_prepa.cpp')
  C:\Program Files (x86)\Windows Kits\10\Include\10.0.22621.0\um\winsock.h(876,16):
  voir la déclaration de 'WSACleanup'
  
C:\Program Files (x86)\Windows Kits\10\Include\10.0.22621.0\um\winsock2.h(2394,1): error C2375: 'WSASetLastError' : redéfinition ; liaison différente
  (compiler le fichier source 'Morpion_prepa.cpp')
  C:\Program Files (x86)\Windows Kits\10\Include\10.0.22621.0\um\winsock.h(878,17):
  voir la déclaration de 'WSASetLastError'
  
C:\Program Files (x86)\Windows Kits\10\Include\10.0.22621.0\um\winsock2.h(2411,1): error C2375: 'WSAGetLastError' : redéfinition ; liaison différente
  (compiler le fichier source 'Morpion_prepa.cpp')
  C:\Program Files (x86)\Windows Kits\10\Include\10.0.22621.0\um\winsock.h(880,16):
  voir la déclaration de 'WSAGetLastError'
  
C:\Program Files (x86)\Windows Kits\10\Include\10.0.22621.0\um\winsock2.h(2432,1): error C2375: 'WSAIsBlocking' : redéfinition ; liaison différente
  (compiler le fichier source 'Morpion_prepa.cpp')
  C:\Program Files (x86)\Windows Kits\10\Include\10.0.22621.0\um\winsock.h(882,17):
  voir la déclaration de 'WSAIsBlocking'
  
C:\Program Files (x86)\Windows Kits\10\Include\10.0.22621.0\um\winsock2.h(2450,1): error C2375: 'WSAUnhookBlockingHook' : redéfinition ; liaison différente
  (compiler le fichier source 'Morpion_prepa.cpp')
  C:\Program Files (x86)\Windows Kits\10\Include\10.0.22621.0\um\winsock.h(884,16):
  voir la déclaration de 'WSAUnhookBlockingHook'
  
C:\Program Files (x86)\Windows Kits\10\Include\10.0.22621.0\um\winsock2.h(2468,1): error C2375: 'WSASetBlockingHook' : redéfinition ; liaison différente
  (compiler le fichier source 'Morpion_prepa.cpp')
  C:\Program Files (x86)\Windows Kits\10\Include\10.0.22621.0\um\winsock.h(886,20):
  voir la déclaration de 'WSASetBlockingHook'
  
C:\Program Files (x86)\Windows Kits\10\Include\10.0.22621.0\um\winsock2.h(2486,1): error C2375: 'WSACancelBlockingCall' : redéfinition ; liaison différente
  (compiler le fichier source 'Morpion_prepa.cpp')
  C:\Program Files (x86)\Windows Kits\10\Include\10.0.22621.0\um\winsock.h(888,16):
  voir la déclaration de 'WSACancelBlockingCall'
  
C:\Program Files (x86)\Windows Kits\10\Include\10.0.22621.0\um\winsock2.h(2504,1): error C2375: 'WSAAsyncGetServByName' : redéfinition ; liaison différente
  (compiler le fichier source 'Morpion_prepa.cpp')
  C:\Program Files (x86)\Windows Kits\10\Include\10.0.22621.0\um\winsock.h(890,19):
  voir la déclaration de 'WSAAsyncGetServByName'
  
C:\Program Files (x86)\Windows Kits\10\Include\10.0.22621.0\um\winsock2.h(2532,1): error C2375: 'WSAAsyncGetServByPort' : redéfinition ; liaison différente
  (compiler le fichier source 'Morpion_prepa.cpp')
  C:\Program Files (x86)\Windows Kits\10\Include\10.0.22621.0\um\winsock.h(898,19):
  voir la déclaration de 'WSAAsyncGetServByPort'
  
C:\Program Files (x86)\Windows Kits\10\Include\10.0.22621.0\um\winsock2.h(2560,1): error C2375: 'WSAAsyncGetProtoByName' : redéfinition ; liaison différente
  (compiler le fichier source 'Morpion_prepa.cpp')
  C:\Program Files (x86)\Windows Kits\10\Include\10.0.22621.0\um\winsock.h(906,19):
  voir la déclaration de 'WSAAsyncGetProtoByName'
  
C:\Program Files (x86)\Windows Kits\10\Include\10.0.22621.0\um\winsock2.h(2586,1): error C2375: 'WSAAsyncGetProtoByNumber' : redéfinition ; liaison différente
  (compiler le fichier source 'Morpion_prepa.cpp')
  C:\Program Files (x86)\Windows Kits\10\Include\10.0.22621.0\um\winsock.h(913,19):
  voir la déclaration de 'WSAAsyncGetProtoByNumber'
  
C:\Program Files (x86)\Windows Kits\10\Include\10.0.22621.0\um\winsock2.h(2612,1): error C2375: 'WSAAsyncGetHostByName' : redéfinition ; liaison différente
  (compiler le fichier source 'Morpion_prepa.cpp')
  C:\Program Files (x86)\Windows Kits\10\Include\10.0.22621.0\um\winsock.h(920,19):
  voir la déclaration de 'WSAAsyncGetHostByName'
  
C:\Program Files (x86)\Windows Kits\10\Include\10.0.22621.0\um\winsock2.h(2638,1): error C2375: 'WSAAsyncGetHostByAddr' : redéfinition ; liaison différente
  (compiler le fichier source 'Morpion_prepa.cpp')
  C:\Program Files (x86)\Windows Kits\10\Include\10.0.22621.0\um\winsock.h(927,19):
  voir la déclaration de 'WSAAsyncGetHostByAddr'
  
C:\Program Files (x86)\Windows Kits\10\Include\10.0.22621.0\um\winsock2.h(2668,1): error C2375: 'WSACancelAsyncRequest' : redéfinition ; liaison différente
  (compiler le fichier source 'Morpion_prepa.cpp')
  C:\Program Files (x86)\Windows Kits\10\Include\10.0.22621.0\um\winsock.h(936,16):
  voir la déclaration de 'WSACancelAsyncRequest'
  
C:\Program Files (x86)\Windows Kits\10\Include\10.0.22621.0\um\winsock2.h(2686,1): error C2375: 'WSAAsyncSelect' : redéfinition ; liaison différente
  (compiler le fichier source 'Morpion_prepa.cpp')
  C:\Program Files (x86)\Windows Kits\10\Include\10.0.22621.0\um\winsock.h(938,16):
  voir la déclaration de 'WSAAsyncSelect'
  
C:\Program Files (x86)\Windows Kits\10\Include\10.0.22621.0\um\winsock2.h(4318,1): error C2059: erreur de syntaxe : '}'
  (compiler le fichier source 'Morpion_prepa.cpp')
  
C:\Program Files (x86)\Windows Kits\10\Include\10.0.22621.0\um\winsock2.h(4318,1): error C2143: erreur de syntaxe : absence de ';' avant '}'
  (compiler le fichier source 'Morpion_prepa.cpp')
  
C:\Users\Kyllian\source\repos\Skynezzz\TicTacToeOnline\Morpion_prepa\WebDisplay.h(10,1): error C2143: erreur de syntaxe : absence de ';' avant '{'
  (compiler le fichier source 'Morpion_prepa.cpp')
  
C:\Users\Kyllian\source\repos\Skynezzz\TicTacToeOnline\Morpion_prepa\WebDisplay.h(10,1): error C2447: '{' : en-tête de fonction manquant (liste formelle à l'ancien format ?)
  (compiler le fichier source 'Morpion_prepa.cpp')
  
C:\Users\Kyllian\source\repos\Skynezzz\TicTacToeOnline\Morpion_prepa\ThreadWeb.h(14,9): error C2065: 'WebDisplay' : identificateur non déclaré
  (compiler le fichier source 'Morpion_prepa.cpp')
  
C:\Users\Kyllian\source\repos\Skynezzz\TicTacToeOnline\Morpion_prepa\ThreadWeb.h(14,20): error C2146: erreur de syntaxe : absence de ';' avant l'identificateur 'webDisplay'
  (compiler le fichier source 'Morpion_prepa.cpp')
  
C:\Users\Kyllian\source\repos\Skynezzz\TicTacToeOnline\Morpion_prepa\ThreadWeb.h(14,20): error C2065: 'webDisplay' : identificateur non déclaré
  (compiler le fichier source 'Morpion_prepa.cpp')
  
C:\Users\Kyllian\source\repos\Skynezzz\TicTacToeOnline\Morpion_prepa\ThreadWeb.h(15,9): error C2065: 'webDisplay' : identificateur non déclaré
  (compiler le fichier source 'Morpion_prepa.cpp')
  
C:\Users\Kyllian\source\repos\Skynezzz\TicTacToeOnline\Morpion_prepa\ThreadWeb.h(16,9): error C2065: 'webDisplay' : identificateur non déclaré
  (compiler le fichier source 'Morpion_prepa.cpp')
  
  ThreadWeb.cpp
C:\Program Files (x86)\Windows Kits\10\Include\10.0.22621.0\shared\ws2def.h(103,1): warning C4005: 'AF_IPX' : redéfinition de macro
  (compiler le fichier source 'ThreadWeb.cpp')
  C:\Program Files (x86)\Windows Kits\10\Include\10.0.22621.0\um\winsock.h(457,1):
  voir la définition précédente de 'AF_IPX'
  
C:\Program Files (x86)\Windows Kits\10\Include\10.0.22621.0\shared\ws2def.h(147,1): warning C4005: 'AF_MAX' : redéfinition de macro
  (compiler le fichier source 'ThreadWeb.cpp')
  C:\Program Files (x86)\Windows Kits\10\Include\10.0.22621.0\um\winsock.h(476,1):
  voir la définition précédente de 'AF_MAX'
  
C:\Program Files (x86)\Windows Kits\10\Include\10.0.22621.0\shared\ws2def.h(187,1): warning C4005: 'SO_DONTLINGER' : redéfinition de macro
  (compiler le fichier source 'ThreadWeb.cpp')
  C:\Program Files (x86)\Windows Kits\10\Include\10.0.22621.0\um\winsock.h(399,1):
  voir la définition précédente de 'SO_DONTLINGER'
  
C:\Program Files (x86)\Windows Kits\10\Include\10.0.22621.0\shared\ws2def.h(240,25): error C2011: 'sockaddr' : redéfinition du type 'struct'
  (compiler le fichier source 'ThreadWeb.cpp')
  C:\Program Files (x86)\Windows Kits\10\Include\10.0.22621.0\um\winsock.h(482,8):
  voir la déclaration de 'sockaddr'
  
C:\Program Files (x86)\Windows Kits\10\Include\10.0.22621.0\shared\ws2def.h(442,5): error C2143: erreur de syntaxe : absence de '}' avant 'constante'
  (compiler le fichier source 'ThreadWeb.cpp')
  
C:\Program Files (x86)\Windows Kits\10\Include\10.0.22621.0\shared\ws2def.h(442,5): error C2059: erreur de syntaxe : 'constante'
  (compiler le fichier source 'ThreadWeb.cpp')
  
C:\Program Files (x86)\Windows Kits\10\Include\10.0.22621.0\shared\ws2def.h(496,1): error C2143: erreur de syntaxe : absence de ';' avant '}'
  (compiler le fichier source 'ThreadWeb.cpp')
  
C:\Program Files (x86)\Windows Kits\10\Include\10.0.22621.0\shared\ws2def.h(496,10): error C4430: spécificateur de type manquant - int est pris en compte par défaut. Remarque : C++ ne prend pas en charge int par défaut
  (compiler le fichier source 'ThreadWeb.cpp')
  
C:\Program Files (x86)\Windows Kits\10\Include\10.0.22621.0\shared\ws2def.h(496,20): error C4430: spécificateur de type manquant - int est pris en compte par défaut. Remarque : C++ ne prend pas en charge int par défaut
  (compiler le fichier source 'ThreadWeb.cpp')
  
C:\Program Files (x86)\Windows Kits\10\Include\10.0.22621.0\shared\ws2def.h(577,1): warning C4005: 'IN_CLASSA' : redéfinition de macro
  (compiler le fichier source 'ThreadWeb.cpp')
  C:\Program Files (x86)\Windows Kits\10\Include\10.0.22621.0\um\winsock.h(284,1):
  voir la définition précédente de 'IN_CLASSA'
  
C:\Program Files (x86)\Windows Kits\10\Include\10.0.22621.0\shared\ws2def.h(583,1): warning C4005: 'IN_CLASSB' : redéfinition de macro
  (compiler le fichier source 'ThreadWeb.cpp')
  C:\Program Files (x86)\Windows Kits\10\Include\10.0.22621.0\um\winsock.h(290,1):
  voir la définition précédente de 'IN_CLASSB'
  
C:\Program Files (x86)\Windows Kits\10\Include\10.0.22621.0\shared\ws2def.h(589,1): warning C4005: 'IN_CLASSC' : redéfinition de macro
  (compiler le fichier source 'ThreadWeb.cpp')
  C:\Program Files (x86)\Windows Kits\10\Include\10.0.22621.0\um\winsock.h(296,1):
  voir la définition précédente de 'IN_CLASSC'
  
C:\Program Files (x86)\Windows Kits\10\Include\10.0.22621.0\shared\ws2def.h(600,1): warning C4005: 'INADDR_ANY' : redéfinition de macro
  (compiler le fichier source 'ThreadWeb.cpp')
  C:\Program Files (x86)\Windows Kits\10\Include\10.0.22621.0\um\winsock.h(301,1):
  voir la définition précédente de 'INADDR_ANY'
  
C:\Program Files (x86)\Windows Kits\10\Include\10.0.22621.0\shared\ws2def.h(602,1): warning C4005: 'INADDR_BROADCAST' : redéfinition de macro
  (compiler le fichier source 'ThreadWeb.cpp')
  C:\Program Files (x86)\Windows Kits\10\Include\10.0.22621.0\um\winsock.h(303,1):
  voir la définition précédente de 'INADDR_BROADCAST'
  
C:\Program Files (x86)\Windows Kits\10\Include\10.0.22621.0\shared\ws2def.h(638,28): error C2011: 'sockaddr_in' : redéfinition du type 'struct'
  (compiler le fichier source 'ThreadWeb.cpp')
  C:\Program Files (x86)\Windows Kits\10\Include\10.0.22621.0\um\winsock.h(309,8):
  voir la déclaration de 'sockaddr_in'
  
C:\Program Files (x86)\Windows Kits\10\Include\10.0.22621.0\um\winsock2.h(136,23): error C2011: 'fd_set' : redéfinition du type 'struct'
  (compiler le fichier source 'ThreadWeb.cpp')
  C:\Program Files (x86)\Windows Kits\10\Include\10.0.22621.0\um\winsock.h(65,16):
  voir la déclaration de 'fd_set'
  
C:\Program Files (x86)\Windows Kits\10\Include\10.0.22621.0\um\winsock2.h(171,1): warning C4005: 'FD_SET' : redéfinition de macro
  (compiler le fichier source 'ThreadWeb.cpp')
  C:\Program Files (x86)\Windows Kits\10\Include\10.0.22621.0\um\winsock.h(99,1):
  voir la définition précédente de 'FD_SET'
  
C:\Program Files (x86)\Windows Kits\10\Include\10.0.22621.0\um\winsock2.h(180,16): error C2011: 'timeval' : redéfinition du type 'struct'
  (compiler le fichier source 'ThreadWeb.cpp')
  C:\Program Files (x86)\Windows Kits\10\Include\10.0.22621.0\um\winsock.h(108,8):
  voir la déclaration de 'timeval'
  
C:\Program Files (x86)\Windows Kits\10\Include\10.0.22621.0\um\winsock2.h(236,17): error C2011: 'hostent' : redéfinition du type 'struct'
  (compiler le fichier source 'ThreadWeb.cpp')
  C:\Program Files (x86)\Windows Kits\10\Include\10.0.22621.0\um\winsock.h(164,9):
  voir la déclaration de 'hostent'
  
C:\Program Files (x86)\Windows Kits\10\Include\10.0.22621.0\um\winsock2.h(249,16): error C2011: 'netent' : redéfinition du type 'struct'
  (compiler le fichier source 'ThreadWeb.cpp')
  C:\Program Files (x86)\Windows Kits\10\Include\10.0.22621.0\um\winsock.h(177,9):
  voir la déclaration de 'netent'
  
C:\Program Files (x86)\Windows Kits\10\Include\10.0.22621.0\um\winsock2.h(256,17): error C2011: 'servent' : redéfinition du type 'struct'
  (compiler le fichier source 'ThreadWeb.cpp')
  C:\Program Files (x86)\Windows Kits\10\Include\10.0.22621.0\um\winsock.h(184,9):
  voir la déclaration de 'servent'
  
C:\Program Files (x86)\Windows Kits\10\Include\10.0.22621.0\um\winsock2.h(268,18): error C2011: 'protoent' : redéfinition du type 'struct'
  (compiler le fichier source 'ThreadWeb.cpp')
  C:\Program Files (x86)\Windows Kits\10\Include\10.0.22621.0\um\winsock.h(196,9):
  voir la déclaration de 'protoent'
  
C:\Program Files (x86)\Windows Kits\10\Include\10.0.22621.0\um\winsock2.h(364,24): error C2011: 'WSAData' : redéfinition du type 'struct'
  (compiler le fichier source 'ThreadWeb.cpp')
  C:\Program Files (x86)\Windows Kits\10\Include\10.0.22621.0\um\winsock.h(319,16):
  voir la déclaration de 'WSAData'
  
C:\Program Files (x86)\Windows Kits\10\Include\10.0.22621.0\um\winsock2.h(462,18): error C2011: 'sockproto' : redéfinition du type 'struct'
  (compiler le fichier source 'ThreadWeb.cpp')
  C:\Program Files (x86)\Windows Kits\10\Include\10.0.22621.0\um\winsock.h(491,8):
  voir la déclaration de 'sockproto'
  
C:\Program Files (x86)\Windows Kits\10\Include\10.0.22621.0\um\winsock2.h(504,16): error C2011: 'linger' : redéfinition du type 'struct'
  (compiler le fichier source 'ThreadWeb.cpp')
  C:\Program Files (x86)\Windows Kits\10\Include\10.0.22621.0\um\winsock.h(528,9):
  voir la déclaration de 'linger'
  
C:\Program Files (x86)\Windows Kits\10\Include\10.0.22621.0\um\winsock2.h(517,1): warning C4005: 'SOMAXCONN' : redéfinition de macro
  (compiler le fichier source 'ThreadWeb.cpp')
  C:\Program Files (x86)\Windows Kits\10\Include\10.0.22621.0\um\winsock.h(541,1):
  voir la définition précédente de 'SOMAXCONN'
  
C:\Program Files (x86)\Windows Kits\10\Include\10.0.22621.0\um\winsock2.h(551,1): warning C4005: 'FD_READ' : redéfinition de macro
  (compiler le fichier source 'ThreadWeb.cpp')
  C:\Program Files (x86)\Windows Kits\10\Include\10.0.22621.0\um\winsock.h(559,1):
  voir la définition précédente de 'FD_READ'
  
C:\Program Files (x86)\Windows Kits\10\Include\10.0.22621.0\um\winsock2.h(554,1): warning C4005: 'FD_WRITE' : redéfinition de macro
  (compiler le fichier source 'ThreadWeb.cpp')
  C:\Program Files (x86)\Windows Kits\10\Include\10.0.22621.0\um\winsock.h(560,1):
  voir la définition précédente de 'FD_WRITE'
  
C:\Program Files (x86)\Windows Kits\10\Include\10.0.22621.0\um\winsock2.h(557,1): warning C4005: 'FD_OOB' : redéfinition de macro
  (compiler le fichier source 'ThreadWeb.cpp')
  C:\Program Files (x86)\Windows Kits\10\Include\10.0.22621.0\um\winsock.h(561,1):
  voir la définition précédente de 'FD_OOB'
  
C:\Program Files (x86)\Windows Kits\10\Include\10.0.22621.0\um\winsock2.h(560,1): warning C4005: 'FD_ACCEPT' : redéfinition de macro
  (compiler le fichier source 'ThreadWeb.cpp')
  C:\Program Files (x86)\Windows Kits\10\Include\10.0.22621.0\um\winsock.h(562,1):
  voir la définition précédente de 'FD_ACCEPT'
  
C:\Program Files (x86)\Windows Kits\10\Include\10.0.22621.0\um\winsock2.h(563,1): warning C4005: 'FD_CONNECT' : redéfinition de macro
  (compiler le fichier source 'ThreadWeb.cpp')
  C:\Program Files (x86)\Windows Kits\10\Include\10.0.22621.0\um\winsock.h(563,1):
  voir la définition précédente de 'FD_CONNECT'
  
C:\Program Files (x86)\Windows Kits\10\Include\10.0.22621.0\um\winsock2.h(566,1): warning C4005: 'FD_CLOSE' : redéfinition de macro
  (compiler le fichier source 'ThreadWeb.cpp')
  C:\Program Files (x86)\Windows Kits\10\Include\10.0.22621.0\um\winsock.h(564,1):
  voir la définition précédente de 'FD_CLOSE'
  
C:\Program Files (x86)\Windows Kits\10\Include\10.0.22621.0\um\winsock2.h(1631,1): error C2375: 'accept' : redéfinition ; liaison différente
  (compiler le fichier source 'ThreadWeb.cpp')
  C:\Program Files (x86)\Windows Kits\10\Include\10.0.22621.0\um\winsock.h(739,19):
  voir la déclaration de 'accept'
  
C:\Program Files (x86)\Windows Kits\10\Include\10.0.22621.0\um\winsock2.h(1653,1): error C2375: 'bind' : redéfinition ; liaison différente
  (compiler le fichier source 'ThreadWeb.cpp')
  C:\Program Files (x86)\Windows Kits\10\Include\10.0.22621.0\um\winsock.h(744,16):
  voir la déclaration de 'bind'
  
C:\Program Files (x86)\Windows Kits\10\Include\10.0.22621.0\um\winsock2.h(1674,1): error C2375: 'closesocket' : redéfinition ; liaison différente
  (compiler le fichier source 'ThreadWeb.cpp')
  C:\Program Files (x86)\Windows Kits\10\Include\10.0.22621.0\um\winsock.h(749,16):
  voir la déclaration de 'closesocket'
  
C:\Program Files (x86)\Windows Kits\10\Include\10.0.22621.0\um\winsock2.h(1691,1): error C2375: 'connect' : redéfinition ; liaison différente
  (compiler le fichier source 'ThreadWeb.cpp')
  C:\Program Files (x86)\Windows Kits\10\Include\10.0.22621.0\um\winsock.h(751,16):
  voir la déclaration de 'connect'
  
C:\Program Files (x86)\Windows Kits\10\Include\10.0.22621.0\um\winsock2.h(1712,1): error C2375: 'ioctlsocket' : redéfinition ; liaison différente
  (compiler le fichier source 'ThreadWeb.cpp')
  C:\Program Files (x86)\Windows Kits\10\Include\10.0.22621.0\um\winsock.h(756,16):
  voir la déclaration de 'ioctlsocket'
  
C:\Program Files (x86)\Windows Kits\10\Include\10.0.22621.0\um\winsock2.h(1735,1): error C2375: 'getpeername' : redéfinition ; liaison différente
  (compiler le fichier source 'ThreadWeb.cpp')
  C:\Program Files (x86)\Windows Kits\10\Include\10.0.22621.0\um\winsock.h(761,16):
  voir la déclaration de 'getpeername'
  
C:\Program Files (x86)\Windows Kits\10\Include\10.0.22621.0\um\winsock2.h(1756,1): error C2375: 'getsockname' : redéfinition ; liaison différente
  (compiler le fichier source 'ThreadWeb.cpp')
  C:\Program Files (x86)\Windows Kits\10\Include\10.0.22621.0\um\winsock.h(766,16):
  voir la déclaration de 'getsockname'
  
C:\Program Files (x86)\Windows Kits\10\Include\10.0.22621.0\um\winsock2.h(1777,1): error C2375: 'getsockopt' : redéfinition ; liaison différente
  (compiler le fichier source 'ThreadWeb.cpp')
  C:\Program Files (x86)\Windows Kits\10\Include\10.0.22621.0\um\winsock.h(771,16):
  voir la déclaration de 'getsockopt'
  
C:\Program Files (x86)\Windows Kits\10\Include\10.0.22621.0\um\winsock2.h(1802,1): error C2375: 'htonl' : redéfinition ; liaison différente
  (compiler le fichier source 'ThreadWeb.cpp')
  C:\Program Files (x86)\Windows Kits\10\Include\10.0.22621.0\um\winsock.h(778,19):
  voir la déclaration de 'htonl'
  
C:\Program Files (x86)\Windows Kits\10\Include\10.0.22621.0\um\winsock2.h(1819,1): error C2375: 'htons' : redéfinition ; liaison différente
  (compiler le fichier source 'ThreadWeb.cpp')
  C:\Program Files (x86)\Windows Kits\10\Include\10.0.22621.0\um\winsock.h(780,20):
  voir la déclaration de 'htons'
  
C:\Program Files (x86)\Windows Kits\10\Include\10.0.22621.0\um\winsock2.h(1837,1): error C2375: 'inet_addr' : redéfinition ; liaison différente
  (compiler le fichier source 'ThreadWeb.cpp')
  C:\Program Files (x86)\Windows Kits\10\Include\10.0.22621.0\um\winsock.h(782,26):
  voir la déclaration de 'inet_addr'
  
C:\Program Files (x86)\Windows Kits\10\Include\10.0.22621.0\um\winsock2.h(1855,1): error C2375: 'inet_ntoa' : redéfinition ; liaison différente
  (compiler le fichier source 'ThreadWeb.cpp')
  C:\Program Files (x86)\Windows Kits\10\Include\10.0.22621.0\um\winsock.h(784,23):
  voir la déclaration de 'inet_ntoa'
  
C:\Program Files (x86)\Windows Kits\10\Include\10.0.22621.0\um\winsock2.h(1955,1): error C2375: 'listen' : redéfinition ; liaison différente
  (compiler le fichier source 'ThreadWeb.cpp')
  C:\Program Files (x86)\Windows Kits\10\Include\10.0.22621.0\um\winsock.h(786,16):
  voir la déclaration de 'listen'
  
C:\Program Files (x86)\Windows Kits\10\Include\10.0.22621.0\um\winsock2.h(1974,1): error C2375: 'ntohl' : redéfinition ; liaison différente
  (compiler le fichier source 'ThreadWeb.cpp')
  C:\Program Files (x86)\Windows Kits\10\Include\10.0.22621.0\um\winsock.h(790,19):
  voir la déclaration de 'ntohl'
  
C:\Program Files (x86)\Windows Kits\10\Include\10.0.22621.0\um\winsock2.h(1991,1): error C2375: 'ntohs' : redéfinition ; liaison différente
  (compiler le fichier source 'ThreadWeb.cpp')
  C:\Program Files (x86)\Windows Kits\10\Include\10.0.22621.0\um\winsock.h(792,20):
  voir la déclaration de 'ntohs'
  
C:\Program Files (x86)\Windows Kits\10\Include\10.0.22621.0\um\winsock2.h(2008,1): error C2375: 'recv' : redéfinition ; liaison différente
  (compiler le fichier source 'ThreadWeb.cpp')
  C:\Program Files (x86)\Windows Kits\10\Include\10.0.22621.0\um\winsock.h(794,16):
  voir la déclaration de 'recv'
  
C:\Program Files (x86)\Windows Kits\10\Include\10.0.22621.0\um\winsock2.h(2031,1): error C2375: 'recvfrom' : redéfinition ; liaison différente
  (compiler le fichier source 'ThreadWeb.cpp')
  C:\Program Files (x86)\Windows Kits\10\Include\10.0.22621.0\um\winsock.h(800,16):
  voir la déclaration de 'recvfrom'
  
C:\Program Files (x86)\Windows Kits\10\Include\10.0.22621.0\um\winsock2.h(2058,1): error C2375: 'select' : redéfinition ; liaison différente
  (compiler le fichier source 'ThreadWeb.cpp')
  C:\Program Files (x86)\Windows Kits\10\Include\10.0.22621.0\um\winsock.h(808,16):
  voir la déclaration de 'select'
  
C:\Program Files (x86)\Windows Kits\10\Include\10.0.22621.0\um\winsock2.h(2083,1): error C2375: 'send' : redéfinition ; liaison différente
  (compiler le fichier source 'ThreadWeb.cpp')
  C:\Program Files (x86)\Windows Kits\10\Include\10.0.22621.0\um\winsock.h(815,16):
  voir la déclaration de 'send'
  
C:\Program Files (x86)\Windows Kits\10\Include\10.0.22621.0\um\winsock2.h(2106,1): error C2375: 'sendto' : redéfinition ; liaison différente
  (compiler le fichier source 'ThreadWeb.cpp')
  C:\Program Files (x86)\Windows Kits\10\Include\10.0.22621.0\um\winsock.h(821,16):
  voir la déclaration de 'sendto'
  
C:\Program Files (x86)\Windows Kits\10\Include\10.0.22621.0\um\winsock2.h(2133,1): error C2375: 'setsockopt' : redéfinition ; liaison différente
  (compiler le fichier source 'ThreadWeb.cpp')
  C:\Program Files (x86)\Windows Kits\10\Include\10.0.22621.0\um\winsock.h(829,16):
  voir la déclaration de 'setsockopt'
  
C:\Program Files (x86)\Windows Kits\10\Include\10.0.22621.0\um\winsock2.h(2158,1): error C2375: 'shutdown' : redéfinition ; liaison différente
  (compiler le fichier source 'ThreadWeb.cpp')
  C:\Program Files (x86)\Windows Kits\10\Include\10.0.22621.0\um\winsock.h(836,16):
  voir la déclaration de 'shutdown'
  
C:\Program Files (x86)\Windows Kits\10\Include\10.0.22621.0\um\winsock2.h(2178,1): error C2375: 'socket' : redéfinition ; liaison différente
  (compiler le fichier source 'ThreadWeb.cpp')
  C:\Program Files (x86)\Windows Kits\10\Include\10.0.22621.0\um\winsock.h(840,19):
  voir la déclaration de 'socket'
  
C:\Program Files (x86)\Windows Kits\10\Include\10.0.22621.0\um\winsock2.h(2203,1): error C2375: 'gethostbyaddr' : redéfinition ; liaison différente
  (compiler le fichier source 'ThreadWeb.cpp')
  C:\Program Files (x86)\Windows Kits\10\Include\10.0.22621.0\um\winsock.h(847,33):
  voir la déclaration de 'gethostbyaddr'
  
C:\Program Files (x86)\Windows Kits\10\Include\10.0.22621.0\um\winsock2.h(2225,1): error C2375: 'gethostbyname' : redéfinition ; liaison différente
  (compiler le fichier source 'ThreadWeb.cpp')
  C:\Program Files (x86)\Windows Kits\10\Include\10.0.22621.0\um\winsock.h(852,33):
  voir la déclaration de 'gethostbyname'
  
C:\Program Files (x86)\Windows Kits\10\Include\10.0.22621.0\um\winsock2.h(2242,1): error C2375: 'gethostname' : redéfinition ; liaison différente
  (compiler le fichier source 'ThreadWeb.cpp')
  C:\Program Files (x86)\Windows Kits\10\Include\10.0.22621.0\um\winsock.h(854,16):
  voir la déclaration de 'gethostname'
  
C:\Program Files (x86)\Windows Kits\10\Include\10.0.22621.0\um\winsock2.h(2282,1): error C2375: 'getservbyport' : redéfinition ; liaison différente
  (compiler le fichier source 'ThreadWeb.cpp')
  C:\Program Files (x86)\Windows Kits\10\Include\10.0.22621.0\um\winsock.h(858,33):
  voir la déclaration de 'getservbyport'
  
C:\Program Files (x86)\Windows Kits\10\Include\10.0.22621.0\um\winsock2.h(2301,1): error C2375: 'getservbyname' : redéfinition ; liaison différente
  (compiler le fichier source 'ThreadWeb.cpp')
  C:\Program Files (x86)\Windows Kits\10\Include\10.0.22621.0\um\winsock.h(862,33):
  voir la déclaration de 'getservbyname'
  
C:\Program Files (x86)\Windows Kits\10\Include\10.0.22621.0\um\winsock2.h(2320,1): error C2375: 'getprotobynumber' : redéfinition ; liaison différente
  (compiler le fichier source 'ThreadWeb.cpp')
  C:\Program Files (x86)\Windows Kits\10\Include\10.0.22621.0\um\winsock.h(866,34):
  voir la déclaration de 'getprotobynumber'
  
C:\Program Files (x86)\Windows Kits\10\Include\10.0.22621.0\um\winsock2.h(2337,1): error C2375: 'getprotobyname' : redéfinition ; liaison différente
  (compiler le fichier source 'ThreadWeb.cpp')
  C:\Program Files (x86)\Windows Kits\10\Include\10.0.22621.0\um\winsock.h(868,34):
  voir la déclaration de 'getprotobyname'
  
C:\Program Files (x86)\Windows Kits\10\Include\10.0.22621.0\um\winsock2.h(2357,1): error C2375: 'WSAStartup' : redéfinition ; liaison différente
  (compiler le fichier source 'ThreadWeb.cpp')
  C:\Program Files (x86)\Windows Kits\10\Include\10.0.22621.0\um\winsock.h(872,16):
  voir la déclaration de 'WSAStartup'
  
C:\Program Files (x86)\Windows Kits\10\Include\10.0.22621.0\um\winsock2.h(2377,1): error C2375: 'WSACleanup' : redéfinition ; liaison différente
  (compiler le fichier source 'ThreadWeb.cpp')
  C:\Program Files (x86)\Windows Kits\10\Include\10.0.22621.0\um\winsock.h(876,16):
  voir la déclaration de 'WSACleanup'
  
C:\Program Files (x86)\Windows Kits\10\Include\10.0.22621.0\um\winsock2.h(2394,1): error C2375: 'WSASetLastError' : redéfinition ; liaison différente
  (compiler le fichier source 'ThreadWeb.cpp')
  C:\Program Files (x86)\Windows Kits\10\Include\10.0.22621.0\um\winsock.h(878,17):
  voir la déclaration de 'WSASetLastError'
  
C:\Program Files (x86)\Windows Kits\10\Include\10.0.22621.0\um\winsock2.h(2411,1): error C2375: 'WSAGetLastError' : redéfinition ; liaison différente
  (compiler le fichier source 'ThreadWeb.cpp')
  C:\Program Files (x86)\Windows Kits\10\Include\10.0.22621.0\um\winsock.h(880,16):
  voir la déclaration de 'WSAGetLastError'
  
C:\Program Files (x86)\Windows Kits\10\Include\10.0.22621.0\um\winsock2.h(2432,1): error C2375: 'WSAIsBlocking' : redéfinition ; liaison différente
  (compiler le fichier source 'ThreadWeb.cpp')
  C:\Program Files (x86)\Windows Kits\10\Include\10.0.22621.0\um\winsock.h(882,17):
  voir la déclaration de 'WSAIsBlocking'
  
C:\Program Files (x86)\Windows Kits\10\Include\10.0.22621.0\um\winsock2.h(2450,1): error C2375: 'WSAUnhookBlockingHook' : redéfinition ; liaison différente
  (compiler le fichier source 'ThreadWeb.cpp')
  C:\Program Files (x86)\Windows Kits\10\Include\10.0.22621.0\um\winsock.h(884,16):
  voir la déclaration de 'WSAUnhookBlockingHook'
  
C:\Program Files (x86)\Windows Kits\10\Include\10.0.22621.0\um\winsock2.h(2468,1): error C2375: 'WSASetBlockingHook' : redéfinition ; liaison différente
  (compiler le fichier source 'ThreadWeb.cpp')
  C:\Program Files (x86)\Windows Kits\10\Include\10.0.22621.0\um\winsock.h(886,20):
  voir la déclaration de 'WSASetBlockingHook'
  
C:\Program Files (x86)\Windows Kits\10\Include\10.0.22621.0\um\winsock2.h(2486,1): error C2375: 'WSACancelBlockingCall' : redéfinition ; liaison différente
  (compiler le fichier source 'ThreadWeb.cpp')
  C:\Program Files (x86)\Windows Kits\10\Include\10.0.22621.0\um\winsock.h(888,16):
  voir la déclaration de 'WSACancelBlockingCall'
  
C:\Program Files (x86)\Windows Kits\10\Include\10.0.22621.0\um\winsock2.h(2504,1): error C2375: 'WSAAsyncGetServByName' : redéfinition ; liaison différente
  (compiler le fichier source 'ThreadWeb.cpp')
  C:\Program Files (x86)\Windows Kits\10\Include\10.0.22621.0\um\winsock.h(890,19):
  voir la déclaration de 'WSAAsyncGetServByName'
  
C:\Program Files (x86)\Windows Kits\10\Include\10.0.22621.0\um\winsock2.h(2532,1): error C2375: 'WSAAsyncGetServByPort' : redéfinition ; liaison différente
  (compiler le fichier source 'ThreadWeb.cpp')
  C:\Program Files (x86)\Windows Kits\10\Include\10.0.22621.0\um\winsock.h(898,19):
  voir la déclaration de 'WSAAsyncGetServByPort'
  
C:\Program Files (x86)\Windows Kits\10\Include\10.0.22621.0\um\winsock2.h(2560,1): error C2375: 'WSAAsyncGetProtoByName' : redéfinition ; liaison différente
  (compiler le fichier source 'ThreadWeb.cpp')
  C:\Program Files (x86)\Windows Kits\10\Include\10.0.22621.0\um\winsock.h(906,19):
  voir la déclaration de 'WSAAsyncGetProtoByName'
  
C:\Program Files (x86)\Windows Kits\10\Include\10.0.22621.0\um\winsock2.h(2586,1): error C2375: 'WSAAsyncGetProtoByNumber' : redéfinition ; liaison différente
  (compiler le fichier source 'ThreadWeb.cpp')
  C:\Program Files (x86)\Windows Kits\10\Include\10.0.22621.0\um\winsock.h(913,19):
  voir la déclaration de 'WSAAsyncGetProtoByNumber'
  
C:\Program Files (x86)\Windows Kits\10\Include\10.0.22621.0\um\winsock2.h(2612,1): error C2375: 'WSAAsyncGetHostByName' : redéfinition ; liaison différente
  (compiler le fichier source 'ThreadWeb.cpp')
  C:\Program Files (x86)\Windows Kits\10\Include\10.0.22621.0\um\winsock.h(920,19):
  voir la déclaration de 'WSAAsyncGetHostByName'
  
C:\Program Files (x86)\Windows Kits\10\Include\10.0.22621.0\um\winsock2.h(2638,1): error C2375: 'WSAAsyncGetHostByAddr' : redéfinition ; liaison différente
  (compiler le fichier source 'ThreadWeb.cpp')
  C:\Program Files (x86)\Windows Kits\10\Include\10.0.22621.0\um\winsock.h(927,19):
  voir la déclaration de 'WSAAsyncGetHostByAddr'
  
C:\Program Files (x86)\Windows Kits\10\Include\10.0.22621.0\um\winsock2.h(2668,1): error C2375: 'WSACancelAsyncRequest' : redéfinition ; liaison différente
  (compiler le fichier source 'ThreadWeb.cpp')
  C:\Program Files (x86)\Windows Kits\10\Include\10.0.22621.0\um\winsock.h(936,16):
  voir la déclaration de 'WSACancelAsyncRequest'
  
C:\Program Files (x86)\Windows Kits\10\Include\10.0.22621.0\um\winsock2.h(2686,1): error C2375: 'WSAAsyncSelect' : redéfinition ; liaison différente
  (compiler le fichier source 'ThreadWeb.cpp')
  C:\Program Files (x86)\Windows Kits\10\Include\10.0.22621.0\um\winsock.h(938,16):
  voir la déclaration de 'WSAAsyncSelect'
  
C:\Program Files (x86)\Windows Kits\10\Include\10.0.22621.0\um\winsock2.h(4318,1): error C2059: erreur de syntaxe : '}'
  (compiler le fichier source 'ThreadWeb.cpp')
  
C:\Program Files (x86)\Windows Kits\10\Include\10.0.22621.0\um\winsock2.h(4318,1): error C2143: erreur de syntaxe : absence de ';' avant '}'
  (compiler le fichier source 'ThreadWeb.cpp')
  
C:\Users\Kyllian\source\repos\Skynezzz\TicTacToeOnline\Morpion_prepa\WebDisplay.h(10,1): error C2143: erreur de syntaxe : absence de ';' avant '{'
  (compiler le fichier source 'ThreadWeb.cpp')
  
C:\Users\Kyllian\source\repos\Skynezzz\TicTacToeOnline\Morpion_prepa\WebDisplay.h(10,1): error C2447: '{' : en-tête de fonction manquant (liste formelle à l'ancien format ?)
  (compiler le fichier source 'ThreadWeb.cpp')
  
C:\Users\Kyllian\source\repos\Skynezzz\TicTacToeOnline\Morpion_prepa\ThreadWeb.h(14,9): error C2065: 'WebDisplay' : identificateur non déclaré
  (compiler le fichier source 'ThreadWeb.cpp')
  
C:\Users\Kyllian\source\repos\Skynezzz\TicTacToeOnline\Morpion_prepa\ThreadWeb.h(14,20): error C2146: erreur de syntaxe : absence de ';' avant l'identificateur 'webDisplay'
  (compiler le fichier source 'ThreadWeb.cpp')
  
C:\Users\Kyllian\source\repos\Skynezzz\TicTacToeOnline\Morpion_prepa\ThreadWeb.h(14,20): error C2065: 'webDisplay' : identificateur non déclaré
  (compiler le fichier source 'ThreadWeb.cpp')
  
C:\Users\Kyllian\source\repos\Skynezzz\TicTacToeOnline\Morpion_prepa\ThreadWeb.h(15,9): error C2065: 'webDisplay' : identificateur non déclaré
  (compiler le fichier source 'ThreadWeb.cpp')
  
C:\Users\Kyllian\source\repos\Skynezzz\TicTacToeOnline\Morpion_prepa\ThreadWeb.h(16,9): error C2065: 'webDisplay' : identificateur non déclaré
  (compiler le fichier source 'ThreadWeb.cpp')
  
  Victory.cpp
  WebDisplay.cpp
C:\Users\Kyllian\source\repos\Skynezzz\TicTacToeOnline\Morpion_prepa\WebDisplay.cpp(98,56): warning C4267: 'argument' : conversion de 'size_t' en 'int', perte possible de données
  Génération de code en cours...
C:\Users\Kyllian\source\repos\Skynezzz\TicTacToeOnline\Morpion_prepa\WebDisplay.cpp(36): warning C4715: 'WebDisplay::init' : les chemins de contrôle ne retournent pas tous une valeur
